<?xml version="1.0" encoding="UTF-8"?>
<!-- Generated by org.testng.reporters.JUnitXMLReporter -->
<testsuite hostname="W00PISVDI1483" name="LoginTest3" tests="1" failures="1" timestamp="18 Jun 2019 11:13:01 GMT" time="109.028" errors="0">
  <testcase name="testPolicyCreation" time="102.304" classname="com.uiFramework.prive.slyaws.testScripts.PolicyCreationTest">
    <failure type="org.openqa.selenium.WebDriverException" message="unknown error: Element &amp;lt;a class=&amp;quot;iceCmdLnk&amp;quot; href=&amp;quot;javascript:;&amp;quot; id=&amp;quot;_PHYLINSPortlet_WAR_PHYLINSPortlet_INSTANCE_o3P5_:j_id4:acc_tab_set:0:Acc_Ent_Form_cmd_create_new_policy&amp;quot; onblur=&amp;quot;setFocus(&amp;apos;&amp;apos;);&amp;quot; onclick=&amp;quot;var form=formOf(this);form[&amp;apos;_PHYLINSPortlet_WAR_PHYLINSPortlet_INSTANCE_o3P5_:j_id4:_idcl&amp;apos;].value=&amp;apos;_PHYLINSPortlet_WAR_PHYLINSPortlet_INSTANCE_o3P5_:j_id4:acc_tab_set:0:Acc_Ent_Form_cmd_create_new_policy&amp;apos;;return iceSubmit(form,this,event);&amp;quot; onfocus=&amp;quot;setFocus(this.id);&amp;quot; style=&amp;quot;font-weight: bold;&amp;quot; tabindex=&amp;quot;-1&amp;quot;&amp;gt;...&amp;lt;/a&amp;gt; is not clickable at point (416, 705). Other element would receive the click: &amp;lt;div style=&amp;quot;position: absolute; z-index: 25004; background-color: transparent; left: -95px; top: -31px; width: 1903px; height: 1054px;&amp;quot;&amp;gt;&amp;lt;/div&amp;gt;
  (Session info: chrome=72.0.3626.121)
  (Driver info: chromedriver=2.37.544315 (730aa6a5fdba159ac9f4c1e8cbc59bf1b5ce12b7),platform=Windows NT 10.0.16299 x86_64) (WARNING: The server did not provide any stacktrace information)
Command duration or timeout: 0 milliseconds
Build info: version: &amp;apos;3.11.0&amp;apos;, revision: &amp;apos;e59cfb3&amp;apos;, time: &amp;apos;2018-03-11T20:26:55.152Z&amp;apos;
System info: host: &amp;apos;W00PISVDI1483&amp;apos;, ip: &amp;apos;10.60.208.143&amp;apos;, os.name: &amp;apos;Windows 10&amp;apos;, os.arch: &amp;apos;amd64&amp;apos;, os.version: &amp;apos;10.0&amp;apos;, java.version: &amp;apos;1.8.0_201&amp;apos;
Driver info: org.openqa.selenium.remote.RemoteWebDriver
Capabilities {acceptInsecureCerts: false, acceptSslCerts: false, applicationCacheEnabled: false, browserConnectionEnabled: false, browserName: chrome, chrome: {chromedriverVersion: 2.37.544315 (730aa6a5fdba15..., userDataDir: C:\Users\shkumar\AppData\Lo...}, cssSelectorsEnabled: true, databaseEnabled: false, handlesAlerts: true, hasTouchScreen: false, javascriptEnabled: true, locationContextEnabled: true, mobileEmulationEnabled: false, nativeEvents: true, networkConnectionEnabled: false, pageLoadStrategy: normal, platform: XP, platformName: XP, rotatable: false, setWindowRect: true, takesHeapSnapshot: true, takesScreenshot: true, unexpectedAlertBehaviour: , unhandledPromptBehavior: , version: 72.0.3626.121, webStorageEnabled: true, webdriver.remote.sessionid: bf359fb0e08992584be9c46dcea...}
Session ID: bf359fb0e08992584be9c46dceaafbb8">
      <![CDATA[org.openqa.selenium.WebDriverException: unknown error: Element <a class="iceCmdLnk" href="javascript:;" id="_PHYLINSPortlet_WAR_PHYLINSPortlet_INSTANCE_o3P5_:j_id4:acc_tab_set:0:Acc_Ent_Form_cmd_create_new_policy" onblur="setFocus('');" onclick="var form=formOf(this);form['_PHYLINSPortlet_WAR_PHYLINSPortlet_INSTANCE_o3P5_:j_id4:_idcl'].value='_PHYLINSPortlet_WAR_PHYLINSPortlet_INSTANCE_o3P5_:j_id4:acc_tab_set:0:Acc_Ent_Form_cmd_create_new_policy';return iceSubmit(form,this,event);" onfocus="setFocus(this.id);" style="font-weight: bold;" tabindex="-1">...</a> is not clickable at point (416, 705). Other element would receive the click: <div style="position: absolute; z-index: 25004; background-color: transparent; left: -95px; top: -31px; width: 1903px; height: 1054px;"></div>
  (Session info: chrome=72.0.3626.121)
  (Driver info: chromedriver=2.37.544315 (730aa6a5fdba159ac9f4c1e8cbc59bf1b5ce12b7),platform=Windows NT 10.0.16299 x86_64) (WARNING: The server did not provide any stacktrace information)
Command duration or timeout: 0 milliseconds
Build info: version: '3.11.0', revision: 'e59cfb3', time: '2018-03-11T20:26:55.152Z'
System info: host: 'W00PISVDI1483', ip: '10.60.208.143', os.name: 'Windows 10', os.arch: 'amd64', os.version: '10.0', java.version: '1.8.0_201'
Driver info: org.openqa.selenium.remote.RemoteWebDriver
Capabilities {acceptInsecureCerts: false, acceptSslCerts: false, applicationCacheEnabled: false, browserConnectionEnabled: false, browserName: chrome, chrome: {chromedriverVersion: 2.37.544315 (730aa6a5fdba15..., userDataDir: C:\Users\shkumar\AppData\Lo...}, cssSelectorsEnabled: true, databaseEnabled: false, handlesAlerts: true, hasTouchScreen: false, javascriptEnabled: true, locationContextEnabled: true, mobileEmulationEnabled: false, nativeEvents: true, networkConnectionEnabled: false, pageLoadStrategy: normal, platform: XP, platformName: XP, rotatable: false, setWindowRect: true, takesHeapSnapshot: true, takesScreenshot: true, unexpectedAlertBehaviour: , unhandledPromptBehavior: , version: 72.0.3626.121, webStorageEnabled: true, webdriver.remote.sessionid: bf359fb0e08992584be9c46dcea...}
Session ID: bf359fb0e08992584be9c46dceaafbb8
	at org.openqa.selenium.remote.ErrorHandler.createThrowable(ErrorHandler.java:214)
	at org.openqa.selenium.remote.ErrorHandler.throwIfResponseFailed(ErrorHandler.java:166)
	at org.openqa.selenium.remote.http.JsonHttpResponseCodec.reconstructValue(JsonHttpResponseCodec.java:40)
	at org.openqa.selenium.remote.http.AbstractHttpResponseCodec.decode(AbstractHttpResponseCodec.java:80)
	at org.openqa.selenium.remote.http.AbstractHttpResponseCodec.decode(AbstractHttpResponseCodec.java:44)
	at org.openqa.selenium.remote.HttpCommandExecutor.execute(HttpCommandExecutor.java:158)
	at org.openqa.selenium.remote.RemoteWebDriver.execute(RemoteWebDriver.java:545)
	at org.openqa.selenium.remote.RemoteWebElement.execute(RemoteWebElement.java:279)
	at org.openqa.selenium.remote.RemoteWebElement.click(RemoteWebElement.java:83)
	at org.openqa.selenium.support.pagefactory.internal.LocatingElementHandler.invoke(LocatingElementHandler.java:51)
	at com.sun.proxy.$Proxy12.click(Unknown Source)
	at com.uiFramework.prive.slyaws.pageObject.PolicyCreationPage.createPolicy(PolicyCreationPage.java:66)
	at com.uiFramework.prive.slyaws.testScripts.PolicyCreationTest.testPolicyCreation(PolicyCreationTest.java:36)
... Removed 33 stack frames]]>
    </failure>
  </testcase> <!-- testPolicyCreation -->
</testsuite> <!-- LoginTest3 -->
