<html>
<head>
<title>TestNG:  LoginTest3</title>
<link href="../testng.css" rel="stylesheet" type="text/css" />
<link href="../my-testng.css" rel="stylesheet" type="text/css" />

<style type="text/css">
.log { display: none;} 
.stack-trace { display: none;} 
</style>
<script type="text/javascript">
<!--
function flip(e) {
  current = e.style.display;
  if (current == 'block') {
    e.style.display = 'none';
    return 0;
  }
  else {
    e.style.display = 'block';
    return 1;
  }
}

function toggleBox(szDivId, elem, msg1, msg2)
{
  var res = -1;  if (document.getElementById) {
    res = flip(document.getElementById(szDivId));
  }
  else if (document.all) {
    // this is the way old msie versions work
    res = flip(document.all[szDivId]);
  }
  if(elem) {
    if(res == 0) elem.innerHTML = msg1; else elem.innerHTML = msg2;
  }

}

function toggleAllBoxes() {
  if (document.getElementsByTagName) {
    d = document.getElementsByTagName('div');
    for (i = 0; i < d.length; i++) {
      if (d[i].className == 'log') {
        flip(d[i]);
      }
    }
  }
}

// -->
</script>

</head>
<body>
<h2 align='center'>LoginTest3</h2><table border='1' align="center">
<tr>
<td>Tests passed/Failed/Skipped:</td><td>0/1/0</td>
</tr><tr>
<td>Started on:</td><td>Tue Jun 18 07:11:12 EDT 2019</td>
</tr>
<tr><td>Total time:</td><td>109 seconds (109028 ms)</td>
</tr><tr>
<td>Included groups:</td><td></td>
</tr><tr>
<td>Excluded groups:</td><td></td>
</tr>
</table><p/>
<small><i>(Hover the method name to see the test class name)</i></small><p/>
<table width='100%' border='1' class='invocation-failed'>
<tr><td colspan='4' align='center'><b>FAILED TESTS</b></td></tr>
<tr><td><b>Test method</b></td>
<td width="30%"><b>Exception</b></td>
<td width="10%"><b>Time (seconds)</b></td>
<td><b>Instance</b></td>
</tr>
<tr>
<td title='com.uiFramework.prive.slyaws.testScripts.PolicyCreationTest.testPolicyCreation()'><b>testPolicyCreation</b><br>Test class: com.uiFramework.prive.slyaws.testScripts.PolicyCreationTest<br>Test method: Create a new policy<br/>
<a href="#Output-1569754439" onClick='toggleBox("Output-1569754439", this, "Show output", "Hide output");'>Show output</a>

<a href="#Output-1569754439" onClick="toggleAllBoxes();">Show all outputs</a>
<div class='log' id="Output-1569754439">
captureScreen method called<br/>
<a href='C:\local_repo\TMNAS-master\src\main\java\com\uiFramework\prive\slyaws\helper\resource\screenshots\blank_18_06_2019_07_11_19.png'><img src='C:\local_repo\TMNAS-master\src\main\java\com\uiFramework\prive\slyaws\helper\resource\screenshots\blank_18_06_2019_07_11_19.png'height='100' width='100'/></a><br/>
captureScreen method called<br/>
<a href='C:\local_repo\TMNAS-master\src\main\java\com\uiFramework\prive\slyaws\helper\resource\screenshots\blank_18_06_2019_07_11_27.png'><img src='C:\local_repo\TMNAS-master\src\main\java\com\uiFramework\prive\slyaws\helper\resource\screenshots\blank_18_06_2019_07_11_27.png'height='100' width='100'/></a><br/>
captureScreen method called<br/>
<a href='C:\local_repo\TMNAS-master\src\main\java\com\uiFramework\prive\slyaws\helper\resource\screenshots\blank_18_06_2019_07_13_00.png'><img src='C:\local_repo\TMNAS-master\src\main\java\com\uiFramework\prive\slyaws\helper\resource\screenshots\blank_18_06_2019_07_13_00.png'height='100' width='100'/></a><br/>
</div>
</td>
<td><div><pre>org.openqa.selenium.WebDriverException: unknown error: Element &lt;a class=&quot;iceCmdLnk&quot; href=&quot;javascript:;&quot; id=&quot;_PHYLINSPortlet_WAR_PHYLINSPortlet_INSTANCE_o3P5_:j_id4:acc_tab_set:0:Acc_Ent_Form_cmd_create_new_policy&quot; onblur=&quot;setFocus(&apos;&apos;);&quot; onclick=&quot;var form=formOf(this);form[&apos;_PHYLINSPortlet_WAR_PHYLINSPortlet_INSTANCE_o3P5_:j_id4:_idcl&apos;].value=&apos;_PHYLINSPortlet_WAR_PHYLINSPortlet_INSTANCE_o3P5_:j_id4:acc_tab_set:0:Acc_Ent_Form_cmd_create_new_policy&apos;;return iceSubmit(form,this,event);&quot; onfocus=&quot;setFocus(this.id);&quot; style=&quot;font-weight: bold;&quot; tabindex=&quot;-1&quot;&gt;...&lt;/a&gt; is not clickable at point (416, 705). Other element would receive the click: &lt;div style=&quot;position: absolute; z-index: 25004; background-color: transparent; left: -95px; top: -31px; width: 1903px; height: 1054px;&quot;&gt;&lt;/div&gt;
  (Session info: chrome=72.0.3626.121)
  (Driver info: chromedriver=2.37.544315 (730aa6a5fdba159ac9f4c1e8cbc59bf1b5ce12b7),platform=Windows NT 10.0.16299 x86_64) (WARNING: The server did not provide any stacktrace information)
Command duration or timeout: 0 milliseconds
Build info: version: &apos;3.11.0&apos;, revision: &apos;e59cfb3&apos;, time: &apos;2018-03-11T20:26:55.152Z&apos;
System info: host: &apos;W00PISVDI1483&apos;, ip: &apos;10.60.208.143&apos;, os.name: &apos;Windows 10&apos;, os.arch: &apos;amd64&apos;, os.version: &apos;10.0&apos;, java.version: &apos;1.8.0_201&apos;
Driver info: org.openqa.selenium.remote.RemoteWebDriver
Capabilities {acceptInsecureCerts: false, acceptSslCerts: false, applicationCacheEnabled: false, browserConnectionEnabled: false, browserName: chrome, chrome: {chromedriverVersion: 2.37.544315 (730aa6a5fdba15..., userDataDir: C:\Users\shkumar\AppData\Lo...}, cssSelectorsEnabled: true, databaseEnabled: false, handlesAlerts: true, hasTouchScreen: false, javascriptEnabled: true, locationContextEnabled: true, mobileEmulationEnabled: false, nativeEvents: true, networkConnectionEnabled: false, pageLoadStrategy: normal, platform: XP, platformName: XP, rotatable: false, setWindowRect: true, takesHeapSnapshot: true, takesScreenshot: true, unexpectedAlertBehaviour: , unhandledPromptBehavior: , version: 72.0.3626.121, webStorageEnabled: true, webdriver.remote.sessionid: bf359fb0e08992584be9c46dcea...}
Session ID: bf359fb0e08992584be9c46dceaafbb8
	at org.openqa.selenium.remote.ErrorHandler.createThrowable(ErrorHandler.java:214)
	at org.openqa.selenium.remote.ErrorHandler.throwIfResponseFailed(ErrorHandler.java:166)
	at org.openqa.selenium.remote.http.JsonHttpResponseCodec.reconstructValue(JsonHttpResponseCodec.java:40)
	at org.openqa.selenium.remote.http.AbstractHttpResponseCodec.decode(AbstractHttpResponseCodec.java:80)
	at org.openqa.selenium.remote.http.AbstractHttpResponseCodec.decode(AbstractHttpResponseCodec.java:44)
	at org.openqa.selenium.remote.HttpCommandExecutor.execute(HttpCommandExecutor.java:158)
	at org.openqa.selenium.remote.RemoteWebDriver.execute(RemoteWebDriver.java:545)
	at org.openqa.selenium.remote.RemoteWebElement.execute(RemoteWebElement.java:279)
	at org.openqa.selenium.remote.RemoteWebElement.click(RemoteWebElement.java:83)
	at org.openqa.selenium.support.pagefactory.internal.LocatingElementHandler.invoke(LocatingElementHandler.java:51)
	at com.sun.proxy.$Proxy12.click(Unknown Source)
	at com.uiFramework.prive.slyaws.pageObject.PolicyCreationPage.createPolicy(PolicyCreationPage.java:66)
	at com.uiFramework.prive.slyaws.testScripts.PolicyCreationTest.testPolicyCreation(PolicyCreationTest.java:36)
... Removed 33 stack frames</pre></div><a href='#' onClick='toggleBox("stack-trace1569754439", this, "Click to show all stack frames", "Click to hide stack frames")'>Click to show all stack frames</a>
<div class='stack-trace' id='stack-trace1569754439'><pre>org.openqa.selenium.WebDriverException: unknown error: Element &lt;a class=&quot;iceCmdLnk&quot; href=&quot;javascript:;&quot; id=&quot;_PHYLINSPortlet_WAR_PHYLINSPortlet_INSTANCE_o3P5_:j_id4:acc_tab_set:0:Acc_Ent_Form_cmd_create_new_policy&quot; onblur=&quot;setFocus(&apos;&apos;);&quot; onclick=&quot;var form=formOf(this);form[&apos;_PHYLINSPortlet_WAR_PHYLINSPortlet_INSTANCE_o3P5_:j_id4:_idcl&apos;].value=&apos;_PHYLINSPortlet_WAR_PHYLINSPortlet_INSTANCE_o3P5_:j_id4:acc_tab_set:0:Acc_Ent_Form_cmd_create_new_policy&apos;;return iceSubmit(form,this,event);&quot; onfocus=&quot;setFocus(this.id);&quot; style=&quot;font-weight: bold;&quot; tabindex=&quot;-1&quot;&gt;...&lt;/a&gt; is not clickable at point (416, 705). Other element would receive the click: &lt;div style=&quot;position: absolute; z-index: 25004; background-color: transparent; left: -95px; top: -31px; width: 1903px; height: 1054px;&quot;&gt;&lt;/div&gt;
  (Session info: chrome=72.0.3626.121)
  (Driver info: chromedriver=2.37.544315 (730aa6a5fdba159ac9f4c1e8cbc59bf1b5ce12b7),platform=Windows NT 10.0.16299 x86_64) (WARNING: The server did not provide any stacktrace information)
Command duration or timeout: 0 milliseconds
Build info: version: &apos;3.11.0&apos;, revision: &apos;e59cfb3&apos;, time: &apos;2018-03-11T20:26:55.152Z&apos;
System info: host: &apos;W00PISVDI1483&apos;, ip: &apos;10.60.208.143&apos;, os.name: &apos;Windows 10&apos;, os.arch: &apos;amd64&apos;, os.version: &apos;10.0&apos;, java.version: &apos;1.8.0_201&apos;
Driver info: org.openqa.selenium.remote.RemoteWebDriver
Capabilities {acceptInsecureCerts: false, acceptSslCerts: false, applicationCacheEnabled: false, browserConnectionEnabled: false, browserName: chrome, chrome: {chromedriverVersion: 2.37.544315 (730aa6a5fdba15..., userDataDir: C:\Users\shkumar\AppData\Lo...}, cssSelectorsEnabled: true, databaseEnabled: false, handlesAlerts: true, hasTouchScreen: false, javascriptEnabled: true, locationContextEnabled: true, mobileEmulationEnabled: false, nativeEvents: true, networkConnectionEnabled: false, pageLoadStrategy: normal, platform: XP, platformName: XP, rotatable: false, setWindowRect: true, takesHeapSnapshot: true, takesScreenshot: true, unexpectedAlertBehaviour: , unhandledPromptBehavior: , version: 72.0.3626.121, webStorageEnabled: true, webdriver.remote.sessionid: bf359fb0e08992584be9c46dcea...}
Session ID: bf359fb0e08992584be9c46dceaafbb8
	at sun.reflect.NativeConstructorAccessorImpl.newInstance0(Native Method)
	at sun.reflect.NativeConstructorAccessorImpl.newInstance(Unknown Source)
	at sun.reflect.DelegatingConstructorAccessorImpl.newInstance(Unknown Source)
	at java.lang.reflect.Constructor.newInstance(Unknown Source)
	at org.openqa.selenium.remote.ErrorHandler.createThrowable(ErrorHandler.java:214)
	at org.openqa.selenium.remote.ErrorHandler.throwIfResponseFailed(ErrorHandler.java:166)
	at org.openqa.selenium.remote.http.JsonHttpResponseCodec.reconstructValue(JsonHttpResponseCodec.java:40)
	at org.openqa.selenium.remote.http.AbstractHttpResponseCodec.decode(AbstractHttpResponseCodec.java:80)
	at org.openqa.selenium.remote.http.AbstractHttpResponseCodec.decode(AbstractHttpResponseCodec.java:44)
	at org.openqa.selenium.remote.HttpCommandExecutor.execute(HttpCommandExecutor.java:158)
	at org.openqa.selenium.remote.RemoteWebDriver.execute(RemoteWebDriver.java:545)
	at org.openqa.selenium.remote.RemoteWebElement.execute(RemoteWebElement.java:279)
	at org.openqa.selenium.remote.RemoteWebElement.click(RemoteWebElement.java:83)
	at sun.reflect.NativeMethodAccessorImpl.invoke0(Native Method)
	at sun.reflect.NativeMethodAccessorImpl.invoke(Unknown Source)
	at sun.reflect.DelegatingMethodAccessorImpl.invoke(Unknown Source)
	at java.lang.reflect.Method.invoke(Unknown Source)
	at org.openqa.selenium.support.pagefactory.internal.LocatingElementHandler.invoke(LocatingElementHandler.java:51)
	at com.sun.proxy.$Proxy12.click(Unknown Source)
	at com.uiFramework.prive.slyaws.pageObject.PolicyCreationPage.createPolicy(PolicyCreationPage.java:66)
	at com.uiFramework.prive.slyaws.testScripts.PolicyCreationTest.testPolicyCreation(PolicyCreationTest.java:36)
	at sun.reflect.NativeMethodAccessorImpl.invoke0(Native Method)
	at sun.reflect.NativeMethodAccessorImpl.invoke(Unknown Source)
	at sun.reflect.DelegatingMethodAccessorImpl.invoke(Unknown Source)
	at java.lang.reflect.Method.invoke(Unknown Source)
	at org.testng.internal.MethodInvocationHelper.invokeMethod(MethodInvocationHelper.java:100)
	at org.testng.internal.Invoker.invokeMethod(Invoker.java:646)
	at org.testng.internal.Invoker.invokeTestMethod(Invoker.java:811)
	at org.testng.internal.Invoker.invokeTestMethods(Invoker.java:1129)
	at org.testng.internal.TestMethodWorker.invokeTestMethods(TestMethodWorker.java:129)
	at org.testng.internal.TestMethodWorker.run(TestMethodWorker.java:112)
	at org.testng.TestRunner.privateRun(TestRunner.java:746)
	at org.testng.TestRunner.run(TestRunner.java:600)
	at org.testng.SuiteRunner.runTest(SuiteRunner.java:366)
	at org.testng.SuiteRunner.runSequentially(SuiteRunner.java:361)
	at org.testng.SuiteRunner.privateRun(SuiteRunner.java:319)
	at org.testng.SuiteRunner.run(SuiteRunner.java:268)
	at org.testng.SuiteRunnerWorker.runSuite(SuiteRunnerWorker.java:52)
	at org.testng.SuiteRunnerWorker.run(SuiteRunnerWorker.java:86)
	at org.testng.TestNG.runSuitesSequentially(TestNG.java:1264)
	at org.testng.TestNG.runSuitesLocally(TestNG.java:1189)
	at org.testng.TestNG.runSuites(TestNG.java:1104)
	at org.testng.TestNG.run(TestNG.java:1076)
	at org.testng.remote.AbstractRemoteTestNG.run(AbstractRemoteTestNG.java:126)
	at org.testng.remote.RemoteTestNG.initAndRun(RemoteTestNG.java:152)
	at org.testng.remote.RemoteTestNG.main(RemoteTestNG.java:57)
</pre></div></td>
<td>102</td>
<td>com.uiFramework.prive.slyaws.testScripts.PolicyCreationTest@3632be31</td></tr>
</table><p>
</body>
</html>